<?xml version="1.0" encoding="UTF-8"?>
<testsuite xmlns:xsi="http://www.w3.org/2001/XMLSchema-instance" xsi:noNamespaceSchemaLocation="https://maven.apache.org/surefire/maven-surefire-plugin/xsd/surefire-test-report-3.0.xsd" version="3.0" name="Search Product, add into cart and proceed to checkout #2" time="19.093" tests="7" errors="0" skipped="0" failures="0">
  <properties>
[...]
</properties>
  <testcase name="" classname="Search Product, add into cart and proceed to checkout #2" time="0"/>
  <testcase name="User is on GreenKart Landing page" classname="Search Product, add into cart and proceed to checkout #2" time="8.526">
    <system-err><![CDATA[Starting ChromeDriver 98.0.4758.80 (7f0488e8ba0d8e019187c6325a16c29d9b7f4989-refs/branch-heads/4758@{#972}) on port 60893
Only local connections are allowed.
Please see https://chromedriver.chromium.org/security-considerations for suggestions on keeping ChromeDriver safe.
ChromeDriver was started successfully.
Feb 13, 2022 11:12:17 PM org.openqa.selenium.remote.ProtocolHandshake createSession
INFO: Detected dialect: W3C
Feb 13, 2022 11:12:17 PM org.openqa.selenium.devtools.CdpVersionFinder findNearestMatch
WARNING: Unable to find an exact match for CDP version 98, so returning the closest version found: 96
Feb 13, 2022 11:12:17 PM org.openqa.selenium.devtools.CdpVersionFinder findNearestMatch
INFO: Found CDP implementation for version 98 of 96
]]></system-err>
  </testcase>
  <testcase name="User searchd with short name Beet extracted actual name of product" classname="Search Product, add into cart and proceed to checkout #2" time="4.297"/>
  <testcase name="User will add 5 items of this products in to the cart" classname="Search Product, add into cart and proceed to checkout #2" time="1.699"/>
  <testcase name="User will verify added vegitable and 5 in Cart and he will proceed to checkout" classname="Search Product, add into cart and proceed to checkout #2" time="1.518">
    <system-out><![CDATA[Product name are matching from Landing page and cart
Product quantity are matching from Landing page and cart
]]></system-out>
  </testcase>
  <testcase name="user should be able to see same vegitable and 5 on checkout page" classname="Search Product, add into cart and proceed to checkout #2" time="1.129">
    <system-out><![CDATA[Product name are matching from Landing page and checkout page
Product quantity are matching from Landing page and checkout page
]]></system-out>
  </testcase>
  <testcase name="Verify Apply promo code and Palce Order button and user should be able to place order" classname="Search Product, add into cart and proceed to checkout #2" time="1.88"/>
</testsuite>